<?xml version="1.0" encoding="UTF-8"?>
<testng-results ignored="0" total="13" passed="13" failed="0" skipped="0">
  <reporter-output>
  </reporter-output>
  <suite started-at="2023-06-15T11:47:57 IST" name="School" finished-at="2023-06-15T11:47:58 IST" duration-ms="394">
    <groups>
    </groups>
    <test started-at="2023-06-15T11:47:57 IST" name="Test" finished-at="2023-06-15T11:47:58 IST" duration-ms="394">
      <class name="Test.firstTest">
        <test-method signature="firstClass()[pri:0, instance:Test.firstTest@865dd6]" started-at="2023-06-15T11:47:57 IST" name="firstClass" finished-at="2023-06-15T11:47:57 IST" duration-ms="28" status="PASS">
          <reporter-output>
          </reporter-output>
        </test-method> <!-- firstClass -->
        <test-method signature="secondClass()[pri:0, instance:Test.firstTest@865dd6]" started-at="2023-06-15T11:47:57 IST" name="secondClass" finished-at="2023-06-15T11:47:57 IST" duration-ms="5" status="PASS">
          <reporter-output>
          </reporter-output>
        </test-method> <!-- secondClass -->
        <test-method signature="thirdClass()[pri:0, instance:Test.firstTest@865dd6]" started-at="2023-06-15T11:47:57 IST" name="thirdClass" finished-at="2023-06-15T11:47:57 IST" duration-ms="5" status="PASS">
          <reporter-output>
          </reporter-output>
        </test-method> <!-- thirdClass -->
      </class> <!-- Test.firstTest -->
      <class name="Test.secondTest">
        <test-method signature="firstClass1()[pri:0, instance:Test.secondTest@e7edb54]" started-at="2023-06-15T11:47:58 IST" name="firstClass1" finished-at="2023-06-15T11:47:58 IST" duration-ms="10" status="PASS">
          <reporter-output>
          </reporter-output>
        </test-method> <!-- firstClass1 -->
        <test-method signature="firstClass2()[pri:0, instance:Test.secondTest@e7edb54]" started-at="2023-06-15T11:47:58 IST" name="firstClass2" finished-at="2023-06-15T11:47:58 IST" duration-ms="11" status="PASS">
          <reporter-output>
          </reporter-output>
        </test-method> <!-- firstClass2 -->
      </class> <!-- Test.secondTest -->
      <class name="Test.thirdTest">
        <test-method signature="secondClass1()[pri:0, instance:Test.thirdTest@378542de]" started-at="2023-06-15T11:47:58 IST" name="secondClass1" finished-at="2023-06-15T11:47:58 IST" duration-ms="5" status="PASS">
          <reporter-output>
          </reporter-output>
        </test-method> <!-- secondClass1 -->
        <test-method signature="secondClass2()[pri:0, instance:Test.thirdTest@378542de]" started-at="2023-06-15T11:47:58 IST" name="secondClass2" finished-at="2023-06-15T11:47:58 IST" duration-ms="5" status="PASS">
          <reporter-output>
          </reporter-output>
        </test-method> <!-- secondClass2 -->
      </class> <!-- Test.thirdTest -->
      <class name="Test.fourthTest">
        <test-method signature="firstFloor()[pri:0, instance:Test.fourthTest@74455848]" started-at="2023-06-15T11:47:57 IST" name="firstFloor" finished-at="2023-06-15T11:47:57 IST" duration-ms="4" status="PASS">
          <reporter-output>
          </reporter-output>
        </test-method> <!-- firstFloor -->
        <test-method signature="secondFloor()[pri:0, instance:Test.fourthTest@74455848]" started-at="2023-06-15T11:47:57 IST" name="secondFloor" finished-at="2023-06-15T11:47:57 IST" duration-ms="5" status="PASS">
          <reporter-output>
          </reporter-output>
        </test-method> <!-- secondFloor -->
        <test-method signature="secondFloor1()[pri:0, instance:Test.fourthTest@74455848]" started-at="2023-06-15T11:47:57 IST" name="secondFloor1" finished-at="2023-06-15T11:47:57 IST" duration-ms="5" status="PASS">
          <reporter-output>
          </reporter-output>
        </test-method> <!-- secondFloor1 -->
        <test-method signature="secondFloor2()[pri:0, instance:Test.fourthTest@74455848]" started-at="2023-06-15T11:47:57 IST" name="secondFloor2" finished-at="2023-06-15T11:47:57 IST" duration-ms="7" status="PASS">
          <reporter-output>
          </reporter-output>
        </test-method> <!-- secondFloor2 -->
        <test-method signature="secondFloor3()[pri:0, instance:Test.fourthTest@74455848]" started-at="2023-06-15T11:47:57 IST" name="secondFloor3" finished-at="2023-06-15T11:47:57 IST" duration-ms="8" status="PASS">
          <reporter-output>
          </reporter-output>
        </test-method> <!-- secondFloor3 -->
        <test-method signature="thirdFloor()[pri:0, instance:Test.fourthTest@74455848]" started-at="2023-06-15T11:47:57 IST" name="thirdFloor" finished-at="2023-06-15T11:47:58 IST" duration-ms="22" status="PASS">
          <reporter-output>
          </reporter-output>
        </test-method> <!-- thirdFloor -->
      </class> <!-- Test.fourthTest -->
    </test> <!-- Test -->
  </suite> <!-- School -->
</testng-results>
