<?xml version="1.0" encoding="UTF-8"?>
<!-- Generated by org.testng.reporters.JUnitXMLReporter -->
<testsuite ignored="2" hostname="DESKTOP-17GPV14" failures="0" tests="2" name="Test" time="0.361" errors="0" timestamp="2023-05-23T10:23:26 IST">
  <testcase classname="SeleniumtestNG.Bank1" name="personalloan" time="0.04"/>
  <testcase classname="SeleniumtestNG.Bank1" name="savingAccount" time="0.009"/>
  <testcase classname="SeleniumtestNG.Bank1" name="homeloan" time="0.0">
    <ignored/>
  </testcase> <!-- homeloan -->
  <testcase classname="SeleniumtestNG.Bank1" name="carloan" time="0.0">
    <ignored/>
  </testcase> <!-- carloan -->
</testsuite> <!-- Test -->
