<?xml version="1.0" encoding="UTF-8"?>
<!-- Generated by org.testng.reporters.JUnitXMLReporter -->
<testsuite ignored="2" hostname="DESKTOP-17GPV14" failures="0" tests="4" name="Shopping" time="0.021" errors="0" timestamp="2023-06-15T11:43:06 IST">
  <testcase classname="Test.fourthTest" name="secondFloor" time="0.002"/>
  <testcase classname="Test.fourthTest" name="secondFloor1" time="0.002"/>
  <testcase classname="Test.fourthTest" name="secondFloor2" time="0.002"/>
  <testcase classname="Test.fourthTest" name="secondFloor3" time="0.003"/>
  <testcase classname="Test.fourthTest" name="firstFloor" time="0.0">
    <ignored/>
  </testcase> <!-- firstFloor -->
  <testcase classname="Test.fourthTest" name="thirdFloor" time="0.0">
    <ignored/>
  </testcase> <!-- thirdFloor -->
</testsuite> <!-- Shopping -->
