<?xml version="1.0" encoding="UTF-8"?>
<!-- Generated by org.testng.reporters.JUnitXMLReporter -->
<testsuite ignored="0" hostname="DESKTOP-17GPV14" failures="0" tests="13" name="Test" time="0.394" errors="0" timestamp="2023-06-15T11:47:58 IST">
  <testcase classname="Test.firstTest" name="firstClass" time="0.028"/>
  <testcase classname="Test.firstTest" name="secondClass" time="0.005"/>
  <testcase classname="Test.firstTest" name="thirdClass" time="0.005"/>
  <testcase classname="Test.fourthTest" name="firstFloor" time="0.004"/>
  <testcase classname="Test.fourthTest" name="secondFloor" time="0.005"/>
  <testcase classname="Test.fourthTest" name="secondFloor1" time="0.005"/>
  <testcase classname="Test.fourthTest" name="secondFloor2" time="0.007"/>
  <testcase classname="Test.fourthTest" name="secondFloor3" time="0.008"/>
  <testcase classname="Test.fourthTest" name="thirdFloor" time="0.022"/>
  <testcase classname="Test.secondTest" name="firstClass1" time="0.01"/>
  <testcase classname="Test.secondTest" name="firstClass2" time="0.011"/>
  <testcase classname="Test.thirdTest" name="secondClass1" time="0.005"/>
  <testcase classname="Test.thirdTest" name="secondClass2" time="0.005"/>
</testsuite> <!-- Test -->
